#-----------------------------------------------------------
# Vivado v2020.2 (64-bit)
# SW Build 3064766 on Wed Nov 18 09:12:45 MST 2020
# IP Build 3064653 on Wed Nov 18 14:17:31 MST 2020
# Start of session at: Thu Jan  5 10:46:13 2023
# Process ID: 68356
# Current directory: E:/ip_repo/SensorADC_axis/managed_ip_project
# Command line: vivado.exe -gui_launcher_event rodinguilauncherevent66956 E:\ip_repo\SensorADC_axis\managed_ip_project\managed_ip_project.xpr
# Log file: E:/ip_repo/SensorADC_axis/managed_ip_project/vivado.log
# Journal file: E:/ip_repo/SensorADC_axis/managed_ip_project\vivado.jou
#-----------------------------------------------------------
start_gui
open_project E:/ip_repo/SensorADC_axis/managed_ip_project/managed_ip_project.xpr
WARNING: [filemgmt 56-3] Default IP Output Path : Could not find the directory 'E:/ip_repo/SensorADC_axis/managed_ip_project/managed_ip_project.gen/sources_1'.
Scanning sources...
Finished scanning sources
INFO: [IP_Flow 19-234] Refreshing IP repositories
INFO: [IP_Flow 19-1700] Loaded user IP repository 'e:/ip_repo/SensorADC_axis/ip_repo/ADC_Sensor_axis_1.0'.
INFO: [IP_Flow 19-2313] Loaded Vivado IP repository 'E:/xilinx/Vivado/2020.2/data/ip'.
open_project: Time (s): cpu = 00:00:16 ; elapsed = 00:00:09 . Memory (MB): peak = 1126.684 ; gain = 0.000
ipx::edit_ip_in_project -upgrade true -name ADC_Sensor_axis_v1_0_project -directory E:/ip_repo/SensorADC_axis/managed_ip_project/managed_ip_project.tmp/ADC_Sensor_axis_v1_0_project e:/ip_repo/SensorADC_axis/ip_repo/ADC_Sensor_axis_1.0/component.xml
INFO: [ProjectBase 1-489] The host OS only allows 260 characters in a normal path. The project is stored in a path with more than 80 characters. If you experience issues with IP, Block Designs, or files not being found, please consider moving the project to a location with a shorter path. Alternately consider using the OS subst command to map part of the path to a drive letter.
Current project path is 'e:/ip_repo/sensoradc_axis/managed_ip_project/managed_ip_project.tmp/adc_sensor_axis_v1_0_project'
INFO: [IP_Flow 19-234] Refreshing IP repositories
INFO: [IP_Flow 19-1704] No user IP repositories specified
INFO: [IP_Flow 19-2313] Loaded Vivado IP repository 'E:/xilinx/Vivado/2020.2/data/ip'.
create_project: Time (s): cpu = 00:00:14 ; elapsed = 00:00:06 . Memory (MB): peak = 1126.684 ; gain = 0.000
INFO: [IP_Flow 19-234] Refreshing IP repositories
INFO: [IP_Flow 19-1700] Loaded user IP repository 'e:/ip_repo/SensorADC_axis/ip_repo/ADC_Sensor_axis_1.0'.
INFO: [IP_Flow 19-795] Syncing license key meta-data
ipx::edit_ip_in_project: Time (s): cpu = 00:00:19 ; elapsed = 00:00:08 . Memory (MB): peak = 1126.684 ; gain = 0.000
update_compile_order -fileset sources_1
set_property  ip_repo_paths  {} [current_project]
update_ip_catalog
INFO: [IP_Flow 19-234] Refreshing IP repositories
INFO: [IP_Flow 19-1704] No user IP repositories specified
set_property  ip_repo_paths  E:/ip_repo [current_project]
update_ip_catalog
INFO: [IP_Flow 19-234] Refreshing IP repositories
INFO: [IP_Flow 19-1700] Loaded user IP repository 'e:/ip_repo'.
upgrade_ip -vlnv adcom.local:user:SPI_Sensor:1.0 [get_ips  SPI_Sensor_0] -log ip_upgrade.log
Upgrading 'SPI_Sensor_0'
INFO: [IP_Flow 19-3420] Updated SPI_Sensor_0 to use current project options
INFO: [IP_Flow 19-1686] Generating 'Instantiation Template' target for IP 'SPI_Sensor_0'...
INFO: [Coretcl 2-1525] Wrote upgrade log to 'e:/ip_repo/sensoradc_axis/managed_ip_project/managed_ip_project.tmp/adc_sensor_axis_v1_0_project/ip_upgrade.log'.
export_ip_user_files -of_objects [get_ips SPI_Sensor_0] -no_script -sync -force -quiet
generate_target all [get_files  e:/ip_repo/SensorADC_axis/ip_repo/ADC_Sensor_axis_1.0/src/SPI_Sensor_0/SPI_Sensor_0.xci]
INFO: [IP_Flow 19-1686] Generating 'Synthesis' target for IP 'SPI_Sensor_0'...
INFO: [IP_Flow 19-1686] Generating 'Simulation' target for IP 'SPI_Sensor_0'...
INFO: [IP_Flow 19-1686] Generating 'Miscellaneous' target for IP 'SPI_Sensor_0'...
catch { config_ip_cache -export [get_ips -all SPI_Sensor_0] }
export_ip_user_files -of_objects [get_files e:/ip_repo/SensorADC_axis/ip_repo/ADC_Sensor_axis_1.0/src/SPI_Sensor_0/SPI_Sensor_0.xci] -no_script -sync -force -quiet
create_ip_run [get_files -of_objects [get_fileset sources_1] e:/ip_repo/SensorADC_axis/ip_repo/ADC_Sensor_axis_1.0/src/SPI_Sensor_0/SPI_Sensor_0.xci]
launch_runs SPI_Sensor_0_synth_1 -jobs 4
[Thu Jan  5 10:49:15 2023] Launched SPI_Sensor_0_synth_1...
Run output will be captured here: e:/ip_repo/sensoradc_axis/managed_ip_project/managed_ip_project.tmp/adc_sensor_axis_v1_0_project/ADC_Sensor_axis_v1_0_project.runs/SPI_Sensor_0_synth_1/runme.log
export_simulation -of_objects [get_files e:/ip_repo/SensorADC_axis/ip_repo/ADC_Sensor_axis_1.0/src/SPI_Sensor_0/SPI_Sensor_0.xci] -directory e:/ip_repo/sensoradc_axis/managed_ip_project/managed_ip_project.tmp/adc_sensor_axis_v1_0_project/ADC_Sensor_axis_v1_0_project.ip_user_files/sim_scripts -ip_user_files_dir e:/ip_repo/sensoradc_axis/managed_ip_project/managed_ip_project.tmp/adc_sensor_axis_v1_0_project/ADC_Sensor_axis_v1_0_project.ip_user_files -ipstatic_source_dir e:/ip_repo/sensoradc_axis/managed_ip_project/managed_ip_project.tmp/adc_sensor_axis_v1_0_project/ADC_Sensor_axis_v1_0_project.ip_user_files/ipstatic -lib_map_path [list {modelsim=e:/ip_repo/sensoradc_axis/managed_ip_project/managed_ip_project.tmp/adc_sensor_axis_v1_0_project/ADC_Sensor_axis_v1_0_project.cache/compile_simlib/modelsim} {questa=e:/ip_repo/sensoradc_axis/managed_ip_project/managed_ip_project.tmp/adc_sensor_axis_v1_0_project/ADC_Sensor_axis_v1_0_project.cache/compile_simlib/questa} {riviera=e:/ip_repo/sensoradc_axis/managed_ip_project/managed_ip_project.tmp/adc_sensor_axis_v1_0_project/ADC_Sensor_axis_v1_0_project.cache/compile_simlib/riviera} {activehdl=e:/ip_repo/sensoradc_axis/managed_ip_project/managed_ip_project.tmp/adc_sensor_axis_v1_0_project/ADC_Sensor_axis_v1_0_project.cache/compile_simlib/activehdl}] -use_ip_compiled_libs -force -quiet
ipx::edit_ip_in_project -upgrade true -name ADC_Sensor_axis_v1_0_project -directory e:/ip_repo/sensoradc_axis/managed_ip_project/managed_ip_project.tmp/adc_sensor_axis_v1_0_project/ADC_Sensor_axis_v1_0_project.tmp/ADC_Sensor_axis_v1_0_project e:/ip_repo/SensorADC_axis/ip_repo/ADC_Sensor_axis_1.0/component.xml
ERROR: [Ipptcl 7-561] A project named 'ADC_Sensor_axis_v1_0_project' is already opened.
ERROR: [Common 17-39] 'ipx::edit_ip_in_project' failed due to earlier errors.
launch_runs impl_1 -jobs 4
[Thu Jan  5 11:17:22 2023] Launched synth_1...
Run output will be captured here: e:/ip_repo/sensoradc_axis/managed_ip_project/managed_ip_project.tmp/adc_sensor_axis_v1_0_project/ADC_Sensor_axis_v1_0_project.runs/synth_1/runme.log
[Thu Jan  5 11:17:22 2023] Launched impl_1...
Run output will be captured here: e:/ip_repo/sensoradc_axis/managed_ip_project/managed_ip_project.tmp/adc_sensor_axis_v1_0_project/ADC_Sensor_axis_v1_0_project.runs/impl_1/runme.log
set_property part xczu5ev-sfvc784-2-i [current_project]
WARNING: [IP_Flow 19-2162] IP 'SPI_Sensor_0' is locked:
* Current project part 'xczu5ev-sfvc784-2-i' and the part 'xczu2eg-sfvc784-1-i' used to customize the IP 'SPI_Sensor_0' do not match. * IP 'SPI_Sensor_0' contains one or more locked subcores.
upgrade_ip -srcset SPI_Sensor_0 -vlnv adcom.local:user:SPI_Sensor:1.0 [get_ips  SPI_Sensor_0] -log ip_upgrade.log
Upgrading 'SPI_Sensor_0'
INFO: [Project 1-386] Moving file 'e:/ip_repo/SensorADC_axis/ip_repo/ADC_Sensor_axis_1.0/src/SPI_Sensor_0/SPI_Sensor_0.xci' from fileset 'SPI_Sensor_0' to fileset 'sources_1'.
INFO: [IP_Flow 19-3420] Updated SPI_Sensor_0 to use current project options
INFO: [IP_Flow 19-1686] Generating 'Instantiation Template' target for IP 'SPI_Sensor_0'...
INFO: [Coretcl 2-1525] Wrote upgrade log to 'e:/ip_repo/sensoradc_axis/managed_ip_project/managed_ip_project.tmp/adc_sensor_axis_v1_0_project/ip_upgrade.log'.
export_ip_user_files -of_objects [get_ips SPI_Sensor_0] -no_script -sync -force -quiet
update_compile_order -fileset sources_1
reset_run synth_1
launch_runs impl_1 -jobs 4
INFO: [IP_Flow 19-1686] Generating 'Synthesis' target for IP 'SPI_Sensor_0'...
[Thu Jan  5 11:22:22 2023] Launched SPI_Sensor_0_synth_1, synth_1...
Run output will be captured here:
SPI_Sensor_0_synth_1: e:/ip_repo/sensoradc_axis/managed_ip_project/managed_ip_project.tmp/adc_sensor_axis_v1_0_project/ADC_Sensor_axis_v1_0_project.runs/SPI_Sensor_0_synth_1/runme.log
synth_1: e:/ip_repo/sensoradc_axis/managed_ip_project/managed_ip_project.tmp/adc_sensor_axis_v1_0_project/ADC_Sensor_axis_v1_0_project.runs/synth_1/runme.log
[Thu Jan  5 11:22:22 2023] Launched impl_1...
Run output will be captured here: e:/ip_repo/sensoradc_axis/managed_ip_project/managed_ip_project.tmp/adc_sensor_axis_v1_0_project/ADC_Sensor_axis_v1_0_project.runs/impl_1/runme.log
ipx::merge_project_changes files [ipx::current_core]
WARNING: [IP_Flow 19-5226] Project source file 'e:/ip_repo/SensorADC_axis/ip_repo/ADC_Sensor_axis_1.0/component.xml' ignored by IP packager.
set_property core_revision 6 [ipx::current_core]
ipx::update_source_project_archive -component [ipx::current_core]
ipx::create_xgui_files [ipx::current_core]
ipx::update_checksums [ipx::current_core]
ipx::check_integrity [ipx::current_core]
INFO: [IP_Flow 19-2181] Payment Required is not set for this core.
INFO: [IP_Flow 19-2187] The Product Guide file is missing.
INFO: [Ipptcl 7-1486] check_integrity: Integrity check passed.
ipx::save_core [ipx::current_core]
ipx::move_temp_component_back -component [ipx::current_core]
close_project -delete
update_ip_catalog -rebuild -repo_path e:/ip_repo/SensorADC_axis/ip_repo/ADC_Sensor_axis_1.0
INFO: [IP_Flow 19-725] Reloaded user IP repository 'e:/ip_repo/SensorADC_axis/ip_repo/ADC_Sensor_axis_1.0'
exit
INFO: [Common 17-206] Exiting Vivado at Sun Jan  8 10:17:01 2023...
